<?xml version="1.0" encoding="UTF-8"?>
<!-- Generated by org.testng.reporters.JUnitXMLReporter -->
<testsuite hostname="PU-SDSG8221-04" name="Add Delete Stock Test" tests="2" failures="1" timestamp="21 Nov 2018 06:41:33 GMT" time="182.941" errors="0">
  <testcase name="addStockTest" time="182.078" classname="com.qtpselenium.rediff.hybrid.testcases.stocksuite.AddDelStockTest">
    <failure type="java.lang.reflect.InvocationTargetException">
      <![CDATA[java.lang.reflect.InvocationTargetException
	at com.qtpselenium.rediff.hybrid.driver.DriverScript.executeKeywords(DriverScript.java:75)
	at com.qtpselenium.rediff.hybrid.testcases.stocksuite.AddDelStockTest.addStockTest(AddDelStockTest.java:27)
	at java.util.concurrent.FutureTask.run(Unknown Source)
	at java.util.concurrent.ThreadPoolExecutor.runWorker(Unknown Source)
	at java.util.concurrent.ThreadPoolExecutor$Worker.run(Unknown Source)
	at java.lang.Thread.run(Unknown Source)
Caused by: java.lang.AssertionError: The following asserts failed:
	WebElement not found - listOfOptions_xpath	WebElement not found - listOfOptions_xpath
	at com.qtpselenium.rediff.hybrid.keywords.GenericKeywords.reportFailure(GenericKeywords.java:323)
	at com.qtpselenium.rediff.hybrid.keywords.GenericKeywords.getObject(GenericKeywords.java:277)
	at com.qtpselenium.rediff.hybrid.keywords.GenericKeywords.click(GenericKeywords.java:193)
	at com.qtpselenium.rediff.hybrid.keywords.GenericKeywords.click(GenericKeywords.java:200)
	at com.qtpselenium.rediff.hybrid.keywords.AppKeywords.addStock(AppKeywords.java:107)
	... 26 more
... Removed 21 stack frames]]>
    </failure>
  </testcase> <!-- addStockTest -->
  <testcase name="deleteStockTest" time="0.0" classname="com.qtpselenium.rediff.hybrid.testcases.stocksuite.AddDelStockTest">
    <skipped/>
  </testcase> <!-- deleteStockTest -->
</testsuite> <!-- Add Delete Stock Test -->
