<?xml version="1.0" encoding="UTF-8"?>
<!-- Generated by org.testng.reporters.JUnitXMLReporter -->
<testsuite hostname="PU-SDSG8221-04" name="Buy Sell Stock Test" tests="3" failures="1" timestamp="21 Nov 2018 06:42:16 GMT" time="226.742" errors="0">
  <testcase name="buyOrSellStockTest" time="112.992" classname="com.qtpselenium.rediff.hybrid.testcases.stocksuite.BuySellStockTest"/>
  <testcase name="buyOrSellStockTest" time="112.682" classname="com.qtpselenium.rediff.hybrid.testcases.stocksuite.BuySellStockTest">
    <failure type="java.lang.reflect.InvocationTargetException">
      <![CDATA[java.lang.reflect.InvocationTargetException
	at com.qtpselenium.rediff.hybrid.driver.DriverScript.executeKeywords(DriverScript.java:75)
	at com.qtpselenium.rediff.hybrid.testcases.stocksuite.BuySellStockTest.buyOrSellStockTest(BuySellStockTest.java:32)
	at java.util.concurrent.FutureTask.run(Unknown Source)
	at java.util.concurrent.ThreadPoolExecutor.runWorker(Unknown Source)
	at java.util.concurrent.ThreadPoolExecutor$Worker.run(Unknown Source)
	at java.lang.Thread.run(Unknown Source)
Caused by: java.lang.AssertionError: The following asserts failed:
	WebElement not found - portfolioselection_xpath	WebElement not found - portfolioselection_xpath
	at com.qtpselenium.rediff.hybrid.keywords.GenericKeywords.reportFailure(GenericKeywords.java:323)
	at com.qtpselenium.rediff.hybrid.keywords.GenericKeywords.getObject(GenericKeywords.java:277)
	at com.qtpselenium.rediff.hybrid.keywords.GenericKeywords.isElementInList(GenericKeywords.java:414)
	at com.qtpselenium.rediff.hybrid.keywords.GenericKeywords.select(GenericKeywords.java:405)
	... 26 more
... Removed 21 stack frames]]>
    </failure>
  </testcase> <!-- buyOrSellStockTest -->
  <testcase name="checkTransactionHistoryTest" time="0.0" classname="com.qtpselenium.rediff.hybrid.testcases.stocksuite.BuySellStockTest">
    <skipped/>
  </testcase> <!-- checkTransactionHistoryTest -->
</testsuite> <!-- Buy Sell Stock Test -->
